# JRE version: OpenJDK Runtime Environment Temurin-17.0.19+10 (17.0.19+10) (build 17.0.19+10)
# Java VM: OpenJDK 64-Bit Server VM Temurin-17.0.19+10 (17.0.19+10, mixed mode, sharing, tiered, compressed oops, compressed class ptrs, g1 gc, windows-amd64)
GC Precious Log:
 CPUs: 8 total, 8 available
 Memory: 7835M
 Large Page Support: Disabled
 NUMA Support: Disabled
 Compressed Oops: Enabled (32-bit)
 Heap Region Size: 1M
 Heap Min Capacity: 8M
 Heap Initial Capacity: 124M
 Heap Max Capacity: 2G
 Pre-touch: Disabled
 Parallel Workers: 8
 Concurrent Workers: 2
 Concurrent Refinement Workers: 8
 Periodic GC: Disabled
Heap:
 garbage-first heap   total 210944K, used 103690K [0x0000000080000000, 0x0000000100000000)
  region size 1024K, 48 young (49152K), 5 survivors (5120K)
 Metaspace       used 67129K, committed 67968K, reserved 491520K
  class space    used 9413K, committed 9792K, reserved 425984K
GC Heap History (20 events):
Event: 662.028 GC heap before
{Heap before GC invocations=32 (full 0):
 garbage-first heap   total 105472K, used 53715K [0x0000000080000000, 0x0000000100000000)
  region size 1024K, 9 young (9216K), 1 survivors (1024K)
 Metaspace       used 54843K, committed 55488K, reserved 491520K
  class space    used 7655K, committed 7936K, reserved 425984K
}
Event: 662.032 GC heap after
{Heap after GC invocations=33 (full 0):
 garbage-first heap   total 210944K, used 46064K [0x0000000080000000, 0x0000000100000000)
  region size 1024K, 1 young (1024K), 1 survivors (1024K)
 Metaspace       used 54843K, committed 55488K, reserved 491520K
  class space    used 7655K, committed 7936K, reserved 425984K
}
Event: 693.129 GC heap before
{Heap before GC invocations=33 (full 0):
 garbage-first heap   total 210944K, used 66544K [0x0000000080000000, 0x0000000100000000)
  region size 1024K, 18 young (18432K), 1 survivors (1024K)
 Metaspace       used 55496K, committed 56128K, reserved 491520K
  class space    used 7744K, committed 8000K, reserved 425984K
}
Event: 693.214 GC heap after
{Heap after GC invocations=34 (full 0):
 garbage-first heap   total 210944K, used 50551K [0x0000000080000000, 0x0000000100000000)
  region size 1024K, 2 young (2048K), 2 survivors (2048K)
 Metaspace       used 55496K, committed 56128K, reserved 491520K
  class space    used 7744K, committed 8000K, reserved 425984K
}
Event: 750.083 GC heap before
{Heap before GC invocations=34 (full 0):
 garbage-first heap   total 210944K, used 71031K [0x0000000080000000, 0x0000000100000000)
  region size 1024K, 20 young (20480K), 2 survivors (2048K)
 Metaspace       used 56070K, committed 56832K, reserved 491520K
  class space    used 7826K, committed 8192K, reserved 425984K
}
Event: 750.245 GC heap after
{Heap after GC invocations=35 (full 0):
 garbage-first heap   total 210944K, used 55115K [0x0000000080000000, 0x0000000100000000)
  region size 1024K, 3 young (3072K), 3 survivors (3072K)
 Metaspace       used 56070K, committed 56832K, reserved 491520K
  class space    used 7826K, committed 8192K, reserved 425984K
}
Event: 816.729 GC heap before
{Heap before GC invocations=35 (full 0):
 garbage-first heap   total 210944K, used 67403K [0x0000000080000000, 0x0000000100000000)
  region size 1024K, 16 young (16384K), 3 survivors (3072K)
 Metaspace       used 57834K, committed 58496K, reserved 491520K
  class space    used 8034K, committed 8320K, reserved 425984K
}
Event: 818.177 GC heap after
{Heap after GC invocations=36 (full 0):
 garbage-first heap   total 210944K, used 55804K [0x0000000080000000, 0x0000000100000000)
  region size 1024K, 1 young (1024K), 1 survivors (1024K)
 Metaspace       used 57834K, committed 58496K, reserved 491520K
  class space    used 8034K, committed 8320K, reserved 425984K
}
Event: 829.766 GC heap before
{Heap before GC invocations=36 (full 0):
 garbage-first heap   total 210944K, used 63996K [0x0000000080000000, 0x0000000100000000)
  region size 1024K, 10 young (10240K), 1 survivors (1024K)
 Metaspace       used 58462K, committed 59200K, reserved 491520K
  class space    used 8128K, committed 8448K, reserved 425984K
}
Event: 829.773 GC heap after
{Heap after GC invocations=37 (full 0):
 garbage-first heap   total 210944K, used 56098K [0x0000000080000000, 0x0000000100000000)
  region size 1024K, 2 young (2048K), 2 survivors (2048K)
 Metaspace       used 58462K, committed 59200K, reserved 491520K
  class space    used 8128K, committed 8448K, reserved 425984K
}
Event: 831.781 GC heap before
{Heap before GC invocations=37 (full 0):
 garbage-first heap   total 210944K, used 64290K [0x0000000080000000, 0x0000000100000000)
  region size 1024K, 10 young (10240K), 2 survivors (2048K)
 Metaspace       used 58993K, committed 59712K, reserved 491520K
  class space    used 8224K, committed 8512K, reserved 425984K
}
Event: 831.786 GC heap after
{Heap after GC invocations=38 (full 0):
 garbage-first heap   total 210944K, used 56246K [0x0000000080000000, 0x0000000100000000)
  region size 1024K, 2 young (2048K), 2 survivors (2048K)
 Metaspace       used 58993K, committed 59712K, reserved 491520K
  class space    used 8224K, committed 8512K, reserved 425984K
}
Event: 833.381 GC heap before
{Heap before GC invocations=38 (full 0):
 garbage-first heap   total 210944K, used 68534K [0x0000000080000000, 0x0000000100000000)
  region size 1024K, 14 young (14336K), 2 survivors (2048K)
 Metaspace       used 59856K, committed 60544K, reserved 491520K
  class space    used 8328K, committed 8640K, reserved 425984K
}
Event: 833.407 GC heap after
{Heap after GC invocations=39 (full 0):
 garbage-first heap   total 210944K, used 57057K [0x0000000080000000, 0x0000000100000000)
  region size 1024K, 2 young (2048K), 2 survivors (2048K)
 Metaspace       used 59856K, committed 60544K, reserved 491520K
  class space    used 8328K, committed 8640K, reserved 425984K
}
Event: 836.923 GC heap before
{Heap before GC invocations=39 (full 0):
 garbage-first heap   total 210944K, used 77537K [0x0000000080000000, 0x0000000100000000)
  region size 1024K, 22 young (22528K), 2 survivors (2048K)
 Metaspace       used 61133K, committed 61888K, reserved 491520K
  class space    used 8494K, committed 8832K, reserved 425984K
}
Event: 836.926 GC heap after
{Heap after GC invocations=40 (full 0):
 garbage-first heap   total 210944K, used 57355K [0x0000000080000000, 0x0000000100000000)
  region size 1024K, 2 young (2048K), 2 survivors (2048K)
 Metaspace       used 61133K, committed 61888K, reserved 491520K
  class space    used 8494K, committed 8832K, reserved 425984K
}
Event: 844.555 GC heap before
{Heap before GC invocations=40 (full 0):
 garbage-first heap   total 210944K, used 91147K [0x0000000080000000, 0x0000000100000000)
  region size 1024K, 35 young (35840K), 2 survivors (2048K)
 Metaspace       used 64015K, committed 64832K, reserved 491520K
  class space    used 8972K, committed 9344K, reserved 425984K
}
Event: 844.571 GC heap after
{Heap after GC invocations=41 (full 0):
 garbage-first heap   total 210944K, used 58619K [0x0000000080000000, 0x0000000100000000)
  region size 1024K, 3 young (3072K), 3 survivors (3072K)
 Metaspace       used 64015K, committed 64832K, reserved 491520K
  class space    used 8972K, committed 9344K, reserved 425984K
}
Event: 850.934 GC heap before
{Heap before GC invocations=41 (full 0):
 garbage-first heap   total 210944K, used 92411K [0x0000000080000000, 0x0000000100000000)
  region size 1024K, 36 young (36864K), 3 survivors (3072K)
 Metaspace       used 65753K, committed 66560K, reserved 491520K
  class space    used 9231K, committed 9600K, reserved 425984K
}
Event: 850.964 GC heap after
{Heap after GC invocations=42 (full 0):
 garbage-first heap   total 210944K, used 59658K [0x0000000080000000, 0x0000000100000000)
  region size 1024K, 4 young (4096K), 4 survivors (4096K)
 Metaspace       used 65753K, committed 66560K, reserved 491520K
  class space    used 9231K, committed 9600K, reserved 425984K
}

