# JRE version: OpenJDK Runtime Environment Temurin-17.0.19+10 (17.0.19+10) (build 17.0.19+10)
# Java VM: OpenJDK 64-Bit Server VM Temurin-17.0.19+10 (17.0.19+10, mixed mode, sharing, tiered, compressed oops, compressed class ptrs, g1 gc, windows-amd64)
GC Precious Log:
 CPUs: 8 total, 8 available
 Memory: 7835M
 Large Page Support: Disabled
 NUMA Support: Disabled
 Compressed Oops: Enabled (32-bit)
 Heap Region Size: 1M
 Heap Min Capacity: 8M
 Heap Initial Capacity: 124M
 Heap Max Capacity: 2G
 Pre-touch: Disabled
 Parallel Workers: 8
 Concurrent Workers: 2
 Concurrent Refinement Workers: 8
 Periodic GC: Disabled
Heap:
 garbage-first heap   total 201728K, used 89431K [0x0000000080000000, 0x0000000100000000)
  region size 1024K, 22 young (22528K), 1 survivors (1024K)
 Metaspace       used 75387K, committed 76352K, reserved 491520K
  class space    used 10535K, committed 11008K, reserved 425984K
GC Heap History (20 events):
Event: 417.866 GC heap before
{Heap before GC invocations=33 (full 0):
 garbage-first heap   total 386048K, used 80033K [0x0000000080000000, 0x0000000100000000)
  region size 1024K, 25 young (25600K), 2 survivors (2048K)
 Metaspace       used 59730K, committed 60416K, reserved 491520K
  class space    used 8326K, committed 8640K, reserved 425984K
}
Event: 417.891 GC heap after
{Heap after GC invocations=34 (full 0):
 garbage-first heap   total 386048K, used 58038K [0x0000000080000000, 0x0000000100000000)
  region size 1024K, 2 young (2048K), 2 survivors (2048K)
 Metaspace       used 59730K, committed 60416K, reserved 491520K
  class space    used 8326K, committed 8640K, reserved 425984K
}
Event: 422.881 GC heap before
{Heap before GC invocations=35 (full 0):
 garbage-first heap   total 201728K, used 119478K [0x0000000080000000, 0x0000000100000000)
  region size 1024K, 62 young (63488K), 2 survivors (2048K)
 Metaspace       used 64253K, committed 65024K, reserved 491520K
  class space    used 9019K, committed 9408K, reserved 425984K
}
Event: 422.899 GC heap after
{Heap after GC invocations=36 (full 0):
 garbage-first heap   total 201728K, used 60108K [0x0000000080000000, 0x0000000100000000)
  region size 1024K, 4 young (4096K), 4 survivors (4096K)
 Metaspace       used 64253K, committed 65024K, reserved 491520K
  class space    used 9019K, committed 9408K, reserved 425984K
}
Event: 423.124 GC heap before
{Heap before GC invocations=36 (full 0):
 garbage-first heap   total 201728K, used 64204K [0x0000000080000000, 0x0000000100000000)
  region size 1024K, 9 young (9216K), 4 survivors (4096K)
 Metaspace       used 64546K, committed 65280K, reserved 491520K
  class space    used 9058K, committed 9408K, reserved 425984K
}
Event: 423.184 GC heap after
{Heap after GC invocations=37 (full 0):
 garbage-first heap   total 201728K, used 59618K [0x0000000080000000, 0x0000000100000000)
  region size 1024K, 1 young (1024K), 1 survivors (1024K)
 Metaspace       used 64546K, committed 65280K, reserved 491520K
  class space    used 9058K, committed 9408K, reserved 425984K
}
Event: 477.592 GC heap before
{Heap before GC invocations=37 (full 0):
 garbage-first heap   total 201728K, used 138466K [0x0000000080000000, 0x0000000100000000)
  region size 1024K, 78 young (79872K), 1 survivors (1024K)
 Metaspace       used 67069K, committed 67840K, reserved 491520K
  class space    used 9416K, committed 9792K, reserved 425984K
}
Event: 477.835 GC heap after
{Heap after GC invocations=38 (full 0):
 garbage-first heap   total 201728K, used 64836K [0x0000000080000000, 0x0000000100000000)
  region size 1024K, 6 young (6144K), 6 survivors (6144K)
 Metaspace       used 67069K, committed 67840K, reserved 491520K
  class space    used 9416K, committed 9792K, reserved 425984K
}
Event: 586.389 GC heap before
{Heap before GC invocations=38 (full 0):
 garbage-first heap   total 201728K, used 125252K [0x0000000080000000, 0x0000000100000000)
  region size 1024K, 66 young (67584K), 6 survivors (6144K)
 Metaspace       used 69523K, committed 70464K, reserved 491520K
  class space    used 9730K, committed 10176K, reserved 425984K
}
Event: 586.605 GC heap after
{Heap after GC invocations=39 (full 0):
 garbage-first heap   total 201728K, used 64552K [0x0000000080000000, 0x0000000100000000)
  region size 1024K, 3 young (3072K), 3 survivors (3072K)
 Metaspace       used 69523K, committed 70464K, reserved 491520K
  class space    used 9730K, committed 10176K, reserved 425984K
}
Event: 662.995 GC heap before
{Heap before GC invocations=39 (full 0):
 garbage-first heap   total 201728K, used 130088K [0x0000000080000000, 0x0000000100000000)
  region size 1024K, 67 young (68608K), 3 survivors (3072K)
 Metaspace       used 73268K, committed 74112K, reserved 491520K
  class space    used 10237K, committed 10624K, reserved 425984K
}
Event: 663.181 GC heap after
{Heap after GC invocations=40 (full 0):
 garbage-first heap   total 201728K, used 66469K [0x0000000080000000, 0x0000000100000000)
  region size 1024K, 5 young (5120K), 5 survivors (5120K)
 Metaspace       used 73268K, committed 74112K, reserved 491520K
  class space    used 10237K, committed 10624K, reserved 425984K
}
Event: 716.845 GC heap before
{Heap before GC invocations=40 (full 0):
 garbage-first heap   total 201728K, used 106405K [0x0000000080000000, 0x0000000100000000)
  region size 1024K, 44 young (45056K), 5 survivors (5120K)
 Metaspace       used 74197K, committed 75072K, reserved 491520K
  class space    used 10342K, committed 10752K, reserved 425984K
}
Event: 718.004 GC heap after
{Heap after GC invocations=41 (full 0):
 garbage-first heap   total 201728K, used 70567K [0x0000000080000000, 0x0000000100000000)
  region size 1024K, 6 young (6144K), 6 survivors (6144K)
 Metaspace       used 74197K, committed 75072K, reserved 491520K
  class space    used 10342K, committed 10752K, reserved 425984K
}
Event: 721.100 GC heap before
{Heap before GC invocations=41 (full 0):
 garbage-first heap   total 201728K, used 73639K [0x0000000080000000, 0x0000000100000000)
  region size 1024K, 9 young (9216K), 6 survivors (6144K)
 Metaspace       used 74198K, committed 75072K, reserved 491520K
  class space    used 10342K, committed 10752K, reserved 425984K
}
Event: 721.235 GC heap after
{Heap after GC invocations=42 (full 0):
 garbage-first heap   total 201728K, used 70566K [0x0000000080000000, 0x0000000100000000)
  region size 1024K, 2 young (2048K), 2 survivors (2048K)
 Metaspace       used 74198K, committed 75072K, reserved 491520K
  class space    used 10342K, committed 10752K, reserved 425984K
}
Event: 729.958 GC heap before
{Heap before GC invocations=42 (full 0):
 garbage-first heap   total 201728K, used 76710K [0x0000000080000000, 0x0000000100000000)
  region size 1024K, 9 young (9216K), 2 survivors (2048K)
 Metaspace       used 74202K, committed 75072K, reserved 491520K
  class space    used 10342K, committed 10752K, reserved 425984K
}
Event: 730.114 GC heap after
{Heap after GC invocations=43 (full 0):
 garbage-first heap   total 201728K, used 69562K [0x0000000080000000, 0x0000000100000000)
  region size 1024K, 1 young (1024K), 1 survivors (1024K)
 Metaspace       used 74202K, committed 75072K, reserved 491520K
  class space    used 10342K, committed 10752K, reserved 425984K
}
Event: 834.565 GC heap before
{Heap before GC invocations=43 (full 0):
 garbage-first heap   total 201728K, used 81850K [0x0000000080000000, 0x0000000100000000)
  region size 1024K, 14 young (14336K), 1 survivors (1024K)
 Metaspace       used 74365K, committed 75200K, reserved 491520K
  class space    used 10356K, committed 10752K, reserved 425984K
}
Event: 834.675 GC heap after
{Heap after GC invocations=44 (full 0):
 garbage-first heap   total 201728K, used 69975K [0x0000000080000000, 0x0000000100000000)
  region size 1024K, 1 young (1024K), 1 survivors (1024K)
 Metaspace       used 74365K, committed 75200K, reserved 491520K
  class space    used 10356K, committed 10752K, reserved 425984K
}

