# JRE version: OpenJDK Runtime Environment Temurin-21.0.11+10 (21.0.11+10) (build 21.0.11+10-LTS)
# Java VM: OpenJDK 64-Bit Server VM Temurin-21.0.11+10 (21.0.11+10-LTS, mixed mode, sharing, tiered, compressed oops, compressed class ptrs, g1 gc, windows-amd64)
GC Precious Log:
 CardTable entry size: 512
 Card Set container configuration: InlinePtr #cards 5 size 8 Array Of Cards #cards 12 size 40 Howl #buckets 4 coarsen threshold 1843 Howl Bitmap #cards 512 size 80 coarsen threshold 460 Card regions per heap region 1 cards per card region 2048
 CPUs: 8 total, 8 available
 Memory: 7835M
 Large Page Support: Disabled
 NUMA Support: Disabled
 Compressed Oops: Enabled (32-bit)
 Heap Region Size: 1M
 Heap Min Capacity: 256M
 Heap Initial Capacity: 256M
 Heap Max Capacity: 512M
 Pre-touch: Disabled
 Parallel Workers: 8
 Concurrent Workers: 2
 Concurrent Refinement Workers: 8
 Periodic GC: Disabled
Heap:
 garbage-first heap   total 262144K, used 110240K [0x00000000e0000000, 0x0000000100000000)
  region size 1024K, 35 young (35840K), 1 survivors (1024K)
 Metaspace       used 80649K, committed 83328K, reserved 458752K
  class space    used 11446K, committed 12864K, reserved 327680K
GC Heap History (20 events):
Event: 60.648 GC heap before
{Heap before GC invocations=9 (full 0):
 garbage-first heap   total 262144K, used 156458K [0x00000000e0000000, 0x0000000100000000)
  region size 1024K, 123 young (125952K), 14 survivors (14336K)
 Metaspace       used 59744K, committed 61568K, reserved 393216K
  class space    used 8705K, committed 9600K, reserved 327680K
}
Event: 60.680 GC heap after
{Heap after GC invocations=10 (full 0):
 garbage-first heap   total 262144K, used 53956K [0x00000000e0000000, 0x0000000100000000)
  region size 1024K, 17 young (17408K), 17 survivors (17408K)
 Metaspace       used 59744K, committed 61568K, reserved 393216K
  class space    used 8705K, committed 9600K, reserved 327680K
}
Event: 60.742 GC heap before
{Heap before GC invocations=10 (full 0):
 garbage-first heap   total 262144K, used 54980K [0x00000000e0000000, 0x0000000100000000)
  region size 1024K, 19 young (19456K), 17 survivors (17408K)
 Metaspace       used 60031K, committed 61888K, reserved 393216K
  class space    used 8733K, committed 9664K, reserved 327680K
}
Event: 60.751 GC heap after
{Heap after GC invocations=11 (full 0):
 garbage-first heap   total 262144K, used 54838K [0x00000000e0000000, 0x0000000100000000)
  region size 1024K, 10 young (10240K), 10 survivors (10240K)
 Metaspace       used 60031K, committed 61888K, reserved 393216K
  class space    used 8733K, committed 9664K, reserved 327680K
}
Event: 87.641 GC heap before
{Heap before GC invocations=12 (full 0):
 garbage-first heap   total 262144K, used 199222K [0x00000000e0000000, 0x0000000100000000)
  region size 1024K, 152 young (155648K), 10 survivors (10240K)
 Metaspace       used 69346K, committed 71360K, reserved 393216K
  class space    used 10080K, committed 11072K, reserved 327680K
}
Event: 87.655 GC heap after
{Heap after GC invocations=13 (full 0):
 garbage-first heap   total 262144K, used 62537K [0x00000000e0000000, 0x0000000100000000)
  region size 1024K, 18 young (18432K), 18 survivors (18432K)
 Metaspace       used 69346K, committed 71360K, reserved 393216K
  class space    used 10080K, committed 11072K, reserved 327680K
}
Event: 429.752 GC heap before
{Heap before GC invocations=13 (full 0):
 garbage-first heap   total 262144K, used 199753K [0x00000000e0000000, 0x0000000100000000)
  region size 1024K, 153 young (156672K), 18 survivors (18432K)
 Metaspace       used 74684K, committed 76736K, reserved 458752K
  class space    used 10955K, committed 11968K, reserved 327680K
}
Event: 432.408 GC heap after
{Heap after GC invocations=14 (full 0):
 garbage-first heap   total 262144K, used 71058K [0x00000000e0000000, 0x0000000100000000)
  region size 1024K, 18 young (18432K), 18 survivors (18432K)
 Metaspace       used 74684K, committed 76736K, reserved 458752K
  class space    used 10955K, committed 11968K, reserved 327680K
}
Event: 610.786 GC heap before
{Heap before GC invocations=14 (full 0):
 garbage-first heap   total 262144K, used 209298K [0x00000000e0000000, 0x0000000100000000)
  region size 1024K, 153 young (156672K), 18 survivors (18432K)
 Metaspace       used 80897K, committed 83072K, reserved 458752K
  class space    used 11795K, committed 12864K, reserved 327680K
}
Event: 612.900 GC heap after
{Heap after GC invocations=15 (full 0):
 garbage-first heap   total 262144K, used 74637K [0x00000000e0000000, 0x0000000100000000)
  region size 1024K, 14 young (14336K), 14 survivors (14336K)
 Metaspace       used 80897K, committed 83072K, reserved 458752K
  class space    used 11795K, committed 12864K, reserved 327680K
}
Event: 613.308 GC heap before
{Heap before GC invocations=15 (full 0):
 garbage-first heap   total 262144K, used 75661K [0x00000000e0000000, 0x0000000100000000)
  region size 1024K, 15 young (15360K), 14 survivors (14336K)
 Metaspace       used 80957K, committed 83072K, reserved 458752K
  class space    used 11802K, committed 12864K, reserved 327680K
}
Event: 614.313 GC heap after
{Heap after GC invocations=16 (full 0):
 garbage-first heap   total 262144K, used 76800K [0x00000000e0000000, 0x0000000100000000)
  region size 1024K, 2 young (2048K), 2 survivors (2048K)
 Metaspace       used 80957K, committed 83072K, reserved 458752K
  class space    used 11802K, committed 12864K, reserved 327680K
}
Event: 623.155 GC heap before
{Heap before GC invocations=17 (full 0):
 garbage-first heap   total 262144K, used 86016K [0x00000000e0000000, 0x0000000100000000)
  region size 1024K, 12 young (12288K), 2 survivors (2048K)
 Metaspace       used 79068K, committed 83200K, reserved 458752K
  class space    used 11297K, committed 12864K, reserved 327680K
}
Event: 623.187 GC heap after
{Heap after GC invocations=18 (full 0):
 garbage-first heap   total 262144K, used 75944K [0x00000000e0000000, 0x0000000100000000)
  region size 1024K, 2 young (2048K), 2 survivors (2048K)
 Metaspace       used 79068K, committed 83200K, reserved 458752K
  class space    used 11297K, committed 12864K, reserved 327680K
}
Event: 635.092 GC heap before
{Heap before GC invocations=18 (full 0):
 garbage-first heap   total 262144K, used 86184K [0x00000000e0000000, 0x0000000100000000)
  region size 1024K, 12 young (12288K), 2 survivors (2048K)
 Metaspace       used 79746K, committed 83264K, reserved 458752K
  class space    used 11392K, committed 12864K, reserved 327680K
}
Event: 635.126 GC heap after
{Heap after GC invocations=19 (full 0):
 garbage-first heap   total 262144K, used 76484K [0x00000000e0000000, 0x0000000100000000)
  region size 1024K, 2 young (2048K), 2 survivors (2048K)
 Metaspace       used 79746K, committed 83264K, reserved 458752K
  class space    used 11392K, committed 12864K, reserved 327680K
}
Event: 642.796 GC heap before
{Heap before GC invocations=19 (full 0):
 garbage-first heap   total 262144K, used 87748K [0x00000000e0000000, 0x0000000100000000)
  region size 1024K, 14 young (14336K), 2 survivors (2048K)
 Metaspace       used 80075K, committed 83264K, reserved 458752K
  class space    used 11419K, committed 12864K, reserved 327680K
}
Event: 642.940 GC heap after
{Heap after GC invocations=20 (full 0):
 garbage-first heap   total 262144K, used 77051K [0x00000000e0000000, 0x0000000100000000)
  region size 1024K, 2 young (2048K), 2 survivors (2048K)
 Metaspace       used 80075K, committed 83264K, reserved 458752K
  class space    used 11419K, committed 12864K, reserved 327680K
}
Event: 652.547 GC heap before
{Heap before GC invocations=20 (full 0):
 garbage-first heap   total 262144K, used 91387K [0x00000000e0000000, 0x0000000100000000)
  region size 1024K, 16 young (16384K), 2 survivors (2048K)
 Metaspace       used 80274K, committed 83264K, reserved 458752K
  class space    used 11433K, committed 12864K, reserved 327680K
}
Event: 652.557 GC heap after
{Heap after GC invocations=21 (full 0):
 garbage-first heap   total 262144K, used 77472K [0x00000000e0000000, 0x0000000100000000)
  region size 1024K, 1 young (1024K), 1 survivors (1024K)
 Metaspace       used 80274K, committed 83264K, reserved 458752K
  class space    used 11433K, committed 12864K, reserved 327680K
}

