# JRE version: OpenJDK Runtime Environment Temurin-17.0.19+10 (17.0.19+10) (build 17.0.19+10)
# Java VM: OpenJDK 64-Bit Server VM Temurin-17.0.19+10 (17.0.19+10, mixed mode, sharing, tiered, compressed oops, compressed class ptrs, g1 gc, windows-amd64)
GC Precious Log:
 CPUs: 8 total, 8 available
 Memory: 7835M
 Large Page Support: Disabled
 NUMA Support: Disabled
 Compressed Oops: Enabled (32-bit)
 Heap Region Size: 1M
 Heap Min Capacity: 8M
 Heap Initial Capacity: 124M
 Heap Max Capacity: 2G
 Pre-touch: Disabled
 Parallel Workers: 8
 Concurrent Workers: 2
 Concurrent Refinement Workers: 8
 Periodic GC: Disabled
Heap:
 garbage-first heap   total 208896K, used 116538K [0x0000000080000000, 0x0000000100000000)
  region size 1024K, 53 young (54272K), 1 survivors (1024K)
 Metaspace       used 72813K, committed 73728K, reserved 491520K
  class space    used 10164K, committed 10624K, reserved 425984K
GC Heap History (20 events):
Event: 403.623 GC heap before
{Heap before GC invocations=23 (full 0):
 garbage-first heap   total 251904K, used 57217K [0x0000000080000000, 0x0000000100000000)
  region size 1024K, 12 young (12288K), 2 survivors (2048K)
 Metaspace       used 55361K, committed 56000K, reserved 491520K
  class space    used 7732K, committed 8000K, reserved 425984K
}
Event: 403.628 GC heap after
{Heap after GC invocations=24 (full 0):
 garbage-first heap   total 251904K, used 48649K [0x0000000080000000, 0x0000000100000000)
  region size 1024K, 2 young (2048K), 2 survivors (2048K)
 Metaspace       used 55361K, committed 56000K, reserved 491520K
  class space    used 7732K, committed 8000K, reserved 425984K
}
Event: 404.167 GC heap before
{Heap before GC invocations=24 (full 0):
 garbage-first heap   total 251904K, used 61961K [0x0000000080000000, 0x0000000100000000)
  region size 1024K, 12 young (12288K), 2 survivors (2048K)
 Metaspace       used 55477K, committed 56128K, reserved 491520K
  class space    used 7749K, committed 8064K, reserved 425984K
}
Event: 404.172 GC heap after
{Heap after GC invocations=25 (full 0):
 garbage-first heap   total 251904K, used 52241K [0x0000000080000000, 0x0000000100000000)
  region size 1024K, 2 young (2048K), 2 survivors (2048K)
 Metaspace       used 55477K, committed 56128K, reserved 491520K
  class space    used 7749K, committed 8064K, reserved 425984K
}
Event: 406.590 GC heap before
{Heap before GC invocations=25 (full 0):
 garbage-first heap   total 251904K, used 64529K [0x0000000080000000, 0x0000000100000000)
  region size 1024K, 12 young (12288K), 2 survivors (2048K)
 Metaspace       used 55971K, committed 56640K, reserved 491520K
  class space    used 7818K, committed 8128K, reserved 425984K
}
Event: 406.595 GC heap after
{Heap after GC invocations=26 (full 0):
 garbage-first heap   total 251904K, used 56452K [0x0000000080000000, 0x0000000100000000)
  region size 1024K, 2 young (2048K), 2 survivors (2048K)
 Metaspace       used 55971K, committed 56640K, reserved 491520K
  class space    used 7818K, committed 8128K, reserved 425984K
}
Event: 406.828 GC heap before
{Heap before GC invocations=26 (full 0):
 garbage-first heap   total 251904K, used 67716K [0x0000000080000000, 0x0000000100000000)
  region size 1024K, 13 young (13312K), 2 survivors (2048K)
 Metaspace       used 57415K, committed 58112K, reserved 491520K
  class space    used 7986K, committed 8320K, reserved 425984K
}
Event: 406.830 GC heap after
{Heap after GC invocations=27 (full 0):
 garbage-first heap   total 251904K, used 56473K [0x0000000080000000, 0x0000000100000000)
  region size 1024K, 1 young (1024K), 1 survivors (1024K)
 Metaspace       used 57415K, committed 58112K, reserved 491520K
  class space    used 7986K, committed 8320K, reserved 425984K
}
Event: 407.719 GC heap before
{Heap before GC invocations=27 (full 0):
 garbage-first heap   total 251904K, used 87193K [0x0000000080000000, 0x0000000100000000)
  region size 1024K, 32 young (32768K), 1 survivors (1024K)
 Metaspace       used 59767K, committed 60416K, reserved 491520K
  class space    used 8329K, committed 8640K, reserved 425984K
}
Event: 407.736 GC heap after
{Heap after GC invocations=28 (full 0):
 garbage-first heap   total 251904K, used 57937K [0x0000000080000000, 0x0000000100000000)
  region size 1024K, 2 young (2048K), 2 survivors (2048K)
 Metaspace       used 59767K, committed 60416K, reserved 491520K
  class space    used 8329K, committed 8640K, reserved 425984K
}
Event: 408.631 GC heap before
{Heap before GC invocations=29 (full 0):
 garbage-first heap   total 219136K, used 96849K [0x0000000080000000, 0x0000000100000000)
  region size 1024K, 40 young (40960K), 2 survivors (2048K)
 Metaspace       used 62746K, committed 63488K, reserved 491520K
  class space    used 8796K, committed 9152K, reserved 425984K
}
Event: 408.635 GC heap after
{Heap after GC invocations=30 (full 0):
 garbage-first heap   total 219136K, used 59026K [0x0000000080000000, 0x0000000100000000)
  region size 1024K, 3 young (3072K), 3 survivors (3072K)
 Metaspace       used 62746K, committed 63488K, reserved 491520K
  class space    used 8796K, committed 9152K, reserved 425984K
}
Event: 408.786 GC heap before
{Heap before GC invocations=30 (full 0):
 garbage-first heap   total 219136K, used 66194K [0x0000000080000000, 0x0000000100000000)
  region size 1024K, 10 young (10240K), 3 survivors (3072K)
 Metaspace       used 63397K, committed 64192K, reserved 491520K
  class space    used 8899K, committed 9280K, reserved 425984K
}
Event: 408.789 GC heap after
{Heap after GC invocations=31 (full 0):
 garbage-first heap   total 219136K, used 58699K [0x0000000080000000, 0x0000000100000000)
  region size 1024K, 1 young (1024K), 1 survivors (1024K)
 Metaspace       used 63397K, committed 64192K, reserved 491520K
  class space    used 8899K, committed 9280K, reserved 425984K
}
Event: 416.423 GC heap before
{Heap before GC invocations=31 (full 0):
 garbage-first heap   total 219136K, used 133451K [0x0000000080000000, 0x0000000100000000)
  region size 1024K, 75 young (76800K), 1 survivors (1024K)
 Metaspace       used 66771K, committed 67584K, reserved 491520K
  class space    used 9393K, committed 9792K, reserved 425984K
}
Event: 416.428 GC heap after
{Heap after GC invocations=32 (full 0):
 garbage-first heap   total 219136K, used 60972K [0x0000000080000000, 0x0000000100000000)
  region size 1024K, 3 young (3072K), 3 survivors (3072K)
 Metaspace       used 66771K, committed 67584K, reserved 491520K
  class space    used 9393K, committed 9792K, reserved 425984K
}
Event: 665.003 GC heap before
{Heap before GC invocations=33 (full 0):
 garbage-first heap   total 208896K, used 177708K [0x0000000080000000, 0x0000000100000000)
  region size 1024K, 118 young (120832K), 3 survivors (3072K)
 Metaspace       used 71208K, committed 72064K, reserved 491520K
  class space    used 9946K, committed 10368K, reserved 425984K
}
Event: 665.550 GC heap after
{Heap after GC invocations=34 (full 0):
 garbage-first heap   total 208896K, used 64378K [0x0000000080000000, 0x0000000100000000)
  region size 1024K, 7 young (7168K), 7 survivors (7168K)
 Metaspace       used 71208K, committed 72064K, reserved 491520K
  class space    used 9946K, committed 10368K, reserved 425984K
}
Event: 665.834 GC heap before
{Heap before GC invocations=34 (full 0):
 garbage-first heap   total 208896K, used 66426K [0x0000000080000000, 0x0000000100000000)
  region size 1024K, 10 young (10240K), 7 survivors (7168K)
 Metaspace       used 71467K, committed 72320K, reserved 491520K
  class space    used 9980K, committed 10368K, reserved 425984K
}
Event: 665.895 GC heap after
{Heap after GC invocations=35 (full 0):
 garbage-first heap   total 208896K, used 64314K [0x0000000080000000, 0x0000000100000000)
  region size 1024K, 1 young (1024K), 1 survivors (1024K)
 Metaspace       used 71467K, committed 72320K, reserved 491520K
  class space    used 9980K, committed 10368K, reserved 425984K
}

