# JRE version: OpenJDK Runtime Environment Temurin-17.0.19+10 (17.0.19+10) (build 17.0.19+10)
# Java VM: OpenJDK 64-Bit Server VM Temurin-17.0.19+10 (17.0.19+10, mixed mode, sharing, tiered, compressed oops, compressed class ptrs, g1 gc, windows-amd64)
GC Precious Log:
 CPUs: 8 total, 8 available
 Memory: 7835M
 Large Page Support: Disabled
 NUMA Support: Disabled
 Compressed Oops: Enabled (32-bit)
 Heap Region Size: 1M
 Heap Min Capacity: 8M
 Heap Initial Capacity: 124M
 Heap Max Capacity: 2G
 Pre-touch: Disabled
 Parallel Workers: 8
 Concurrent Workers: 2
 Concurrent Refinement Workers: 8
 Periodic GC: Disabled
Heap:
 garbage-first heap   total 201728K, used 154805K [0x0000000080000000, 0x0000000100000000)
  region size 1024K, 90 young (92160K), 1 survivors (1024K)
 Metaspace       used 74225K, committed 75136K, reserved 491520K
  class space    used 10345K, committed 10816K, reserved 425984K
GC Heap History (20 events):
Event: 415.988 GC heap before
{Heap before GC invocations=29 (full 0):
 garbage-first heap   total 307200K, used 68426K [0x0000000080000000, 0x0000000100000000)
  region size 1024K, 15 young (15360K), 1 survivors (1024K)
 Metaspace       used 58093K, committed 58816K, reserved 491520K
  class space    used 8085K, committed 8384K, reserved 425984K
}
Event: 415.992 GC heap after
{Heap after GC invocations=30 (full 0):
 garbage-first heap   total 307200K, used 55840K [0x0000000080000000, 0x0000000100000000)
  region size 1024K, 2 young (2048K), 2 survivors (2048K)
 Metaspace       used 58093K, committed 58816K, reserved 491520K
  class space    used 8085K, committed 8384K, reserved 425984K
}
Event: 417.360 GC heap before
{Heap before GC invocations=30 (full 0):
 garbage-first heap   total 307200K, used 69152K [0x0000000080000000, 0x0000000100000000)
  region size 1024K, 15 young (15360K), 2 survivors (2048K)
 Metaspace       used 59003K, committed 59712K, reserved 491520K
  class space    used 8236K, committed 8576K, reserved 425984K
}
Event: 417.366 GC heap after
{Heap after GC invocations=31 (full 0):
 garbage-first heap   total 307200K, used 56231K [0x0000000080000000, 0x0000000100000000)
  region size 1024K, 2 young (2048K), 2 survivors (2048K)
 Metaspace       used 59003K, committed 59712K, reserved 491520K
  class space    used 8236K, committed 8576K, reserved 425984K
}
Event: 418.356 GC heap before
{Heap before GC invocations=31 (full 0):
 garbage-first heap   total 307200K, used 67495K [0x0000000080000000, 0x0000000100000000)
  region size 1024K, 14 young (14336K), 2 survivors (2048K)
 Metaspace       used 59830K, committed 60480K, reserved 491520K
  class space    used 8334K, committed 8640K, reserved 425984K
}
Event: 418.816 GC heap after
{Heap after GC invocations=32 (full 0):
 garbage-first heap   total 307200K, used 57009K [0x0000000080000000, 0x0000000100000000)
  region size 1024K, 2 young (2048K), 2 survivors (2048K)
 Metaspace       used 59830K, committed 60480K, reserved 491520K
  class space    used 8334K, committed 8640K, reserved 425984K
}
Event: 420.884 GC heap before
{Heap before GC invocations=33 (full 0):
 garbage-first heap   total 222208K, used 92849K [0x0000000080000000, 0x0000000100000000)
  region size 1024K, 37 young (37888K), 2 survivors (2048K)
 Metaspace       used 62504K, committed 63232K, reserved 491520K
  class space    used 8758K, committed 9088K, reserved 425984K
}
Event: 420.889 GC heap after
{Heap after GC invocations=34 (full 0):
 garbage-first heap   total 222208K, used 58001K [0x0000000080000000, 0x0000000100000000)
  region size 1024K, 3 young (3072K), 3 survivors (3072K)
 Metaspace       used 62504K, committed 63232K, reserved 491520K
  class space    used 8758K, committed 9088K, reserved 425984K
}
Event: 422.483 GC heap before
{Heap before GC invocations=35 (full 0):
 garbage-first heap   total 201728K, used 98961K [0x0000000080000000, 0x0000000100000000)
  region size 1024K, 43 young (44032K), 3 survivors (3072K)
 Metaspace       used 64996K, committed 65728K, reserved 491520K
  class space    used 9135K, committed 9472K, reserved 425984K
}
Event: 422.489 GC heap after
{Heap after GC invocations=36 (full 0):
 garbage-first heap   total 201728K, used 59256K [0x0000000080000000, 0x0000000100000000)
  region size 1024K, 5 young (5120K), 5 survivors (5120K)
 Metaspace       used 64996K, committed 65728K, reserved 491520K
  class space    used 9135K, committed 9472K, reserved 425984K
}
Event: 517.368 GC heap before
{Heap before GC invocations=36 (full 0):
 garbage-first heap   total 201728K, used 127864K [0x0000000080000000, 0x0000000100000000)
  region size 1024K, 72 young (73728K), 5 survivors (5120K)
 Metaspace       used 67021K, committed 67840K, reserved 491520K
  class space    used 9412K, committed 9792K, reserved 425984K
}
Event: 517.578 GC heap after
{Heap after GC invocations=37 (full 0):
 garbage-first heap   total 201728K, used 61564K [0x0000000080000000, 0x0000000100000000)
  region size 1024K, 7 young (7168K), 7 survivors (7168K)
 Metaspace       used 67021K, committed 67840K, reserved 491520K
  class space    used 9412K, committed 9792K, reserved 425984K
}
Event: 630.020 GC heap before
{Heap before GC invocations=37 (full 0):
 garbage-first heap   total 201728K, used 90236K [0x0000000080000000, 0x0000000100000000)
  region size 1024K, 36 young (36864K), 7 survivors (7168K)
 Metaspace       used 67086K, committed 67968K, reserved 491520K
  class space    used 9421K, committed 9856K, reserved 425984K
}
Event: 630.933 GC heap after
{Heap after GC invocations=38 (full 0):
 garbage-first heap   total 201728K, used 62333K [0x0000000080000000, 0x0000000100000000)
  region size 1024K, 4 young (4096K), 4 survivors (4096K)
 Metaspace       used 67086K, committed 67968K, reserved 491520K
  class space    used 9421K, committed 9856K, reserved 425984K
}
Event: 653.509 GC heap before
{Heap before GC invocations=38 (full 0):
 garbage-first heap   total 201728K, used 67453K [0x0000000080000000, 0x0000000100000000)
  region size 1024K, 9 young (9216K), 4 survivors (4096K)
 Metaspace       used 67201K, committed 68032K, reserved 491520K
  class space    used 9425K, committed 9856K, reserved 425984K
}
Event: 653.556 GC heap after
{Heap after GC invocations=39 (full 0):
 garbage-first heap   total 201728K, used 62569K [0x0000000080000000, 0x0000000100000000)
  region size 1024K, 1 young (1024K), 1 survivors (1024K)
 Metaspace       used 67201K, committed 68032K, reserved 491520K
  class space    used 9425K, committed 9856K, reserved 425984K
}
Event: 870.334 GC heap before
{Heap before GC invocations=39 (full 0):
 garbage-first heap   total 201728K, used 116841K [0x0000000080000000, 0x0000000100000000)
  region size 1024K, 54 young (55296K), 1 survivors (1024K)
 Metaspace       used 69914K, committed 70784K, reserved 491520K
  class space    used 9771K, committed 10176K, reserved 425984K
}
Event: 870.681 GC heap after
{Heap after GC invocations=40 (full 0):
 garbage-first heap   total 201728K, used 64009K [0x0000000080000000, 0x0000000100000000)
  region size 1024K, 3 young (3072K), 3 survivors (3072K)
 Metaspace       used 69914K, committed 70784K, reserved 491520K
  class space    used 9771K, committed 10176K, reserved 425984K
}
Event: 882.702 GC heap before
{Heap before GC invocations=40 (full 0):
 garbage-first heap   total 201728K, used 80393K [0x0000000080000000, 0x0000000100000000)
  region size 1024K, 20 young (20480K), 3 survivors (3072K)
 Metaspace       used 71256K, committed 72128K, reserved 491520K
  class space    used 9950K, committed 10368K, reserved 425984K
}
Event: 882.793 GC heap after
{Heap after GC invocations=41 (full 0):
 garbage-first heap   total 201728K, used 64693K [0x0000000080000000, 0x0000000100000000)
  region size 1024K, 1 young (1024K), 1 survivors (1024K)
 Metaspace       used 71256K, committed 72128K, reserved 491520K
  class space    used 9950K, committed 10368K, reserved 425984K
}

