# JRE version: OpenJDK Runtime Environment Temurin-21.0.11+10 (21.0.11+10) (build 21.0.11+10-LTS)
# Java VM: OpenJDK 64-Bit Server VM Temurin-21.0.11+10 (21.0.11+10-LTS, mixed mode, sharing, tiered, compressed oops, compressed class ptrs, g1 gc, windows-amd64)
GC Precious Log:
 CardTable entry size: 512
 Card Set container configuration: InlinePtr #cards 5 size 8 Array Of Cards #cards 12 size 40 Howl #buckets 4 coarsen threshold 1843 Howl Bitmap #cards 512 size 80 coarsen threshold 460 Card regions per heap region 1 cards per card region 2048
 CPUs: 8 total, 8 available
 Memory: 7835M
 Large Page Support: Disabled
 NUMA Support: Disabled
 Compressed Oops: Enabled (32-bit)
 Heap Region Size: 1M
 Heap Min Capacity: 256M
 Heap Initial Capacity: 256M
 Heap Max Capacity: 512M
 Pre-touch: Disabled
 Parallel Workers: 8
 Concurrent Workers: 2
 Concurrent Refinement Workers: 8
 Periodic GC: Disabled
Heap:
 garbage-first heap   total 262144K, used 56646K [0x00000000e0000000, 0x0000000100000000)
  region size 1024K, 33 young (33792K), 7 survivors (7168K)
 Metaspace       used 36047K, committed 37312K, reserved 393216K
  class space    used 5286K, committed 5952K, reserved 327680K
GC Heap History (12 events):
Event: 20.194 GC heap before
{Heap before GC invocations=0 (full 0):
 garbage-first heap   total 262144K, used 26624K [0x00000000e0000000, 0x0000000100000000)
  region size 1024K, 23 young (23552K), 0 survivors (0K)
 Metaspace       used 1135K, committed 1280K, reserved 393216K
  class space    used 83K, committed 128K, reserved 327680K
}
Event: 20.245 GC heap after
{Heap after GC invocations=1 (full 0):
 garbage-first heap   total 262144K, used 10410K [0x00000000e0000000, 0x0000000100000000)
  region size 1024K, 3 young (3072K), 3 survivors (3072K)
 Metaspace       used 1135K, committed 1280K, reserved 393216K
  class space    used 83K, committed 128K, reserved 327680K
}
Event: 26.700 GC heap before
{Heap before GC invocations=1 (full 0):
 garbage-first heap   total 262144K, used 41130K [0x00000000e0000000, 0x0000000100000000)
  region size 1024K, 33 young (33792K), 3 survivors (3072K)
 Metaspace       used 4335K, committed 4480K, reserved 393216K
  class space    used 547K, committed 640K, reserved 327680K
}
Event: 26.708 GC heap after
{Heap after GC invocations=2 (full 0):
 garbage-first heap   total 262144K, used 12119K [0x00000000e0000000, 0x0000000100000000)
  region size 1024K, 2 young (2048K), 2 survivors (2048K)
 Metaspace       used 4335K, committed 4480K, reserved 393216K
  class space    used 547K, committed 640K, reserved 327680K
}
Event: 54.589 GC heap before
{Heap before GC invocations=2 (full 0):
 garbage-first heap   total 262144K, used 143191K [0x00000000e0000000, 0x0000000100000000)
  region size 1024K, 129 young (132096K), 2 survivors (2048K)
 Metaspace       used 20845K, committed 21504K, reserved 393216K
  class space    used 3055K, committed 3392K, reserved 327680K
}
Event: 54.724 GC heap after
{Heap after GC invocations=3 (full 0):
 garbage-first heap   total 262144K, used 25324K [0x00000000e0000000, 0x0000000100000000)
  region size 1024K, 14 young (14336K), 14 survivors (14336K)
 Metaspace       used 20845K, committed 21504K, reserved 393216K
  class space    used 3055K, committed 3392K, reserved 327680K
}
Event: 72.901 GC heap before
{Heap before GC invocations=4 (full 0):
 garbage-first heap   total 262144K, used 118508K [0x00000000e0000000, 0x0000000100000000)
  region size 1024K, 106 young (108544K), 14 survivors (14336K)
 Metaspace       used 34764K, committed 35968K, reserved 393216K
  class space    used 5170K, committed 5760K, reserved 327680K
}
Event: 72.940 GC heap after
{Heap after GC invocations=5 (full 0):
 garbage-first heap   total 262144K, used 31391K [0x00000000e0000000, 0x0000000100000000)
  region size 1024K, 7 young (7168K), 7 survivors (7168K)
 Metaspace       used 34764K, committed 35968K, reserved 393216K
  class space    used 5170K, committed 5760K, reserved 327680K
}
Event: 73.250 GC heap before
{Heap before GC invocations=5 (full 0):
 garbage-first heap   total 262144K, used 32415K [0x00000000e0000000, 0x0000000100000000)
  region size 1024K, 10 young (10240K), 7 survivors (7168K)
 Metaspace       used 35117K, committed 36288K, reserved 393216K
  class space    used 5185K, committed 5760K, reserved 327680K
}
Event: 73.261 GC heap after
{Heap after GC invocations=6 (full 0):
 garbage-first heap   total 262144K, used 32411K [0x00000000e0000000, 0x0000000100000000)
  region size 1024K, 7 young (7168K), 7 survivors (7168K)
 Metaspace       used 35117K, committed 36288K, reserved 393216K
  class space    used 5185K, committed 5760K, reserved 327680K
}
Event: 73.487 GC heap before
{Heap before GC invocations=6 (full 0):
 garbage-first heap   total 262144K, used 32411K [0x00000000e0000000, 0x0000000100000000)
  region size 1024K, 8 young (8192K), 7 survivors (7168K)
 Metaspace       used 35375K, committed 36608K, reserved 393216K
  class space    used 5212K, committed 5824K, reserved 327680K
}
Event: 73.495 GC heap after
{Heap after GC invocations=7 (full 0):
 garbage-first heap   total 262144K, used 32070K [0x00000000e0000000, 0x0000000100000000)
  region size 1024K, 7 young (7168K), 7 survivors (7168K)
 Metaspace       used 35375K, committed 36608K, reserved 393216K
  class space    used 5212K, committed 5824K, reserved 327680K
}

