# JRE version: OpenJDK Runtime Environment Temurin-17.0.19+10 (17.0.19+10) (build 17.0.19+10)
# Java VM: OpenJDK 64-Bit Server VM Temurin-17.0.19+10 (17.0.19+10, mixed mode, sharing, tiered, compressed oops, compressed class ptrs, g1 gc, windows-amd64)
GC Precious Log:
 CPUs: 8 total, 8 available
 Memory: 7835M
 Large Page Support: Disabled
 NUMA Support: Disabled
 Compressed Oops: Enabled (32-bit)
 Heap Region Size: 1M
 Heap Min Capacity: 8M
 Heap Initial Capacity: 124M
 Heap Max Capacity: 2G
 Pre-touch: Disabled
 Parallel Workers: 8
 Concurrent Workers: 2
 Concurrent Refinement Workers: 8
 Periodic GC: Disabled
Heap:
 garbage-first heap   total 86016K, used 26014K [0x0000000080000000, 0x0000000100000000)
  region size 1024K, 7 young (7168K), 6 survivors (6144K)
 Metaspace       used 27046K, committed 27392K, reserved 491520K
  class space    used 3938K, committed 4096K, reserved 425984K
GC Heap History (14 events):
Event: 3.210 GC heap before
{Heap before GC invocations=0 (full 0):
 garbage-first heap   total 126976K, used 22528K [0x0000000080000000, 0x0000000100000000)
  region size 1024K, 23 young (23552K), 0 survivors (0K)
 Metaspace       used 1053K, committed 1216K, reserved 491520K
  class space    used 73K, committed 128K, reserved 425984K
}
Event: 3.312 GC heap after
{Heap after GC invocations=1 (full 0):
 garbage-first heap   total 126976K, used 1920K [0x0000000080000000, 0x0000000100000000)
  region size 1024K, 2 young (2048K), 2 survivors (2048K)
 Metaspace       used 1053K, committed 1216K, reserved 491520K
  class space    used 73K, committed 128K, reserved 425984K
}
Event: 6.922 GC heap before
{Heap before GC invocations=1 (full 0):
 garbage-first heap   total 126976K, used 40832K [0x0000000080000000, 0x0000000100000000)
  region size 1024K, 37 young (37888K), 2 survivors (2048K)
 Metaspace       used 4392K, committed 4544K, reserved 491520K
  class space    used 548K, committed 640K, reserved 425984K
}
Event: 6.934 GC heap after
{Heap after GC invocations=2 (full 0):
 garbage-first heap   total 126976K, used 10782K [0x0000000080000000, 0x0000000100000000)
  region size 1024K, 5 young (5120K), 5 survivors (5120K)
 Metaspace       used 4392K, committed 4544K, reserved 491520K
  class space    used 548K, committed 640K, reserved 425984K
}
Event: 9.772 GC heap before
{Heap before GC invocations=2 (full 0):
 garbage-first heap   total 126976K, used 56862K [0x0000000080000000, 0x0000000100000000)
  region size 1024K, 48 young (49152K), 5 survivors (5120K)
 Metaspace       used 4554K, committed 4736K, reserved 491520K
  class space    used 559K, committed 640K, reserved 425984K
}
Event: 9.783 GC heap after
{Heap after GC invocations=3 (full 0):
 garbage-first heap   total 126976K, used 16401K [0x0000000080000000, 0x0000000100000000)
  region size 1024K, 5 young (5120K), 5 survivors (5120K)
 Metaspace       used 4554K, committed 4736K, reserved 491520K
  class space    used 559K, committed 640K, reserved 425984K
}
Event: 674.832 GC heap before
{Heap before GC invocations=3 (full 0):
 garbage-first heap   total 126976K, used 87057K [0x0000000080000000, 0x0000000100000000)
  region size 1024K, 74 young (75776K), 5 survivors (5120K)
 Metaspace       used 14274K, committed 14592K, reserved 491520K
  class space    used 1884K, committed 2048K, reserved 425984K
}
Event: 675.296 GC heap after
{Heap after GC invocations=4 (full 0):
 garbage-first heap   total 126976K, used 20551K [0x0000000080000000, 0x0000000100000000)
  region size 1024K, 9 young (9216K), 9 survivors (9216K)
 Metaspace       used 14274K, committed 14592K, reserved 491520K
  class space    used 1884K, committed 2048K, reserved 425984K
}
Event: 832.961 GC heap before
{Heap before GC invocations=4 (full 0):
 garbage-first heap   total 126976K, used 49223K [0x0000000080000000, 0x0000000100000000)
  region size 1024K, 38 young (38912K), 9 survivors (9216K)
 Metaspace       used 16598K, committed 16832K, reserved 491520K
  class space    used 2235K, committed 2368K, reserved 425984K
}
Event: 833.125 GC heap after
{Heap after GC invocations=5 (full 0):
 garbage-first heap   total 126976K, used 21961K [0x0000000080000000, 0x0000000100000000)
  region size 1024K, 2 young (2048K), 2 survivors (2048K)
 Metaspace       used 16598K, committed 16832K, reserved 491520K
  class space    used 2235K, committed 2368K, reserved 425984K
}
Event: 846.238 GC heap before
{Heap before GC invocations=5 (full 0):
 garbage-first heap   total 126976K, used 60873K [0x0000000080000000, 0x0000000100000000)
  region size 1024K, 42 young (43008K), 2 survivors (2048K)
 Metaspace       used 21250K, committed 21504K, reserved 491520K
  class space    used 2998K, committed 3136K, reserved 425984K
}
Event: 846.301 GC heap after
{Heap after GC invocations=6 (full 0):
 garbage-first heap   total 126976K, used 24000K [0x0000000080000000, 0x0000000100000000)
  region size 1024K, 4 young (4096K), 4 survivors (4096K)
 Metaspace       used 21250K, committed 21504K, reserved 491520K
  class space    used 2998K, committed 3136K, reserved 425984K
}
Event: 868.957 GC heap before
{Heap before GC invocations=7 (full 0):
 garbage-first heap   total 86016K, used 71104K [0x0000000080000000, 0x0000000100000000)
  region size 1024K, 50 young (51200K), 4 survivors (4096K)
 Metaspace       used 26941K, committed 27328K, reserved 491520K
  class space    used 3932K, committed 4096K, reserved 425984K
}
Event: 868.968 GC heap after
{Heap after GC invocations=8 (full 0):
 garbage-first heap   total 86016K, used 26014K [0x0000000080000000, 0x0000000100000000)
  region size 1024K, 6 young (6144K), 6 survivors (6144K)
 Metaspace       used 26941K, committed 27328K, reserved 491520K
  class space    used 3932K, committed 4096K, reserved 425984K
}

