# JRE version: OpenJDK Runtime Environment Temurin-21.0.11+10 (21.0.11+10) (build 21.0.11+10-LTS)
# Java VM: OpenJDK 64-Bit Server VM Temurin-21.0.11+10 (21.0.11+10-LTS, mixed mode, sharing, tiered, compressed oops, compressed class ptrs, g1 gc, windows-amd64)
GC Precious Log:
 CardTable entry size: 512
 Card Set container configuration: InlinePtr #cards 5 size 8 Array Of Cards #cards 12 size 40 Howl #buckets 4 coarsen threshold 1843 Howl Bitmap #cards 512 size 80 coarsen threshold 460 Card regions per heap region 1 cards per card region 2048
 CPUs: 8 total, 8 available
 Memory: 7835M
 Large Page Support: Disabled
 NUMA Support: Disabled
 Compressed Oops: Enabled (32-bit)
 Heap Region Size: 1M
 Heap Min Capacity: 256M
 Heap Initial Capacity: 256M
 Heap Max Capacity: 512M
 Pre-touch: Disabled
 Parallel Workers: 8
 Concurrent Workers: 2
 Concurrent Refinement Workers: 8
 Periodic GC: Disabled
Heap:
 garbage-first heap   total 262144K, used 38418K [0x00000000e0000000, 0x0000000100000000)
  region size 1024K, 9 young (9216K), 2 survivors (2048K)
 Metaspace       used 35817K, committed 37056K, reserved 393216K
  class space    used 5247K, committed 5888K, reserved 327680K
GC Heap History (20 events):
Event: 71.667 GC heap before
{Heap before GC invocations=3 (full 0):
 garbage-first heap   total 262144K, used 25773K [0x00000000e0000000, 0x0000000100000000)
  region size 1024K, 16 young (16384K), 14 survivors (14336K)
 Metaspace       used 20868K, committed 21568K, reserved 393216K
  class space    used 3049K, committed 3392K, reserved 327680K
}
Event: 72.055 GC heap after
{Heap after GC invocations=4 (full 0):
 garbage-first heap   total 262144K, used 26363K [0x00000000e0000000, 0x0000000100000000)
  region size 1024K, 2 young (2048K), 2 survivors (2048K)
 Metaspace       used 20868K, committed 21568K, reserved 393216K
  class space    used 3049K, committed 3392K, reserved 327680K
}
Event: 78.975 GC heap before
{Heap before GC invocations=5 (full 0):
 garbage-first heap   total 262144K, used 36603K [0x00000000e0000000, 0x0000000100000000)
  region size 1024K, 12 young (12288K), 2 survivors (2048K)
 Metaspace       used 22139K, committed 22912K, reserved 393216K
  class space    used 3277K, committed 3648K, reserved 327680K
}
Event: 79.059 GC heap after
{Heap after GC invocations=6 (full 0):
 garbage-first heap   total 262144K, used 25310K [0x00000000e0000000, 0x0000000100000000)
  region size 1024K, 1 young (1024K), 1 survivors (1024K)
 Metaspace       used 22139K, committed 22912K, reserved 393216K
  class space    used 3277K, committed 3648K, reserved 327680K
}
Event: 84.501 GC heap before
{Heap before GC invocations=6 (full 0):
 garbage-first heap   total 262144K, used 36574K [0x00000000e0000000, 0x0000000100000000)
  region size 1024K, 12 young (12288K), 1 survivors (1024K)
 Metaspace       used 23826K, committed 24704K, reserved 393216K
  class space    used 3554K, committed 3968K, reserved 327680K
}
Event: 84.679 GC heap after
{Heap after GC invocations=7 (full 0):
 garbage-first heap   total 262144K, used 25899K [0x00000000e0000000, 0x0000000100000000)
  region size 1024K, 2 young (2048K), 2 survivors (2048K)
 Metaspace       used 23826K, committed 24704K, reserved 393216K
  class space    used 3554K, committed 3968K, reserved 327680K
}
Event: 88.828 GC heap before
{Heap before GC invocations=7 (full 0):
 garbage-first heap   total 262144K, used 36139K [0x00000000e0000000, 0x0000000100000000)
  region size 1024K, 12 young (12288K), 2 survivors (2048K)
 Metaspace       used 24994K, committed 25920K, reserved 393216K
  class space    used 3769K, committed 4224K, reserved 327680K
}
Event: 88.830 GC heap after
{Heap after GC invocations=8 (full 0):
 garbage-first heap   total 262144K, used 26419K [0x00000000e0000000, 0x0000000100000000)
  region size 1024K, 2 young (2048K), 2 survivors (2048K)
 Metaspace       used 24994K, committed 25920K, reserved 393216K
  class space    used 3769K, committed 4224K, reserved 327680K
}
Event: 93.059 GC heap before
{Heap before GC invocations=8 (full 0):
 garbage-first heap   total 262144K, used 36659K [0x00000000e0000000, 0x0000000100000000)
  region size 1024K, 12 young (12288K), 2 survivors (2048K)
 Metaspace       used 26279K, committed 27264K, reserved 393216K
  class space    used 3974K, committed 4416K, reserved 327680K
}
Event: 93.092 GC heap after
{Heap after GC invocations=9 (full 0):
 garbage-first heap   total 262144K, used 26986K [0x00000000e0000000, 0x0000000100000000)
  region size 1024K, 2 young (2048K), 2 survivors (2048K)
 Metaspace       used 26279K, committed 27264K, reserved 393216K
  class space    used 3974K, committed 4416K, reserved 327680K
}
Event: 96.640 GC heap before
{Heap before GC invocations=9 (full 0):
 garbage-first heap   total 262144K, used 37226K [0x00000000e0000000, 0x0000000100000000)
  region size 1024K, 12 young (12288K), 2 survivors (2048K)
 Metaspace       used 27520K, committed 28672K, reserved 393216K
  class space    used 4190K, committed 4736K, reserved 327680K
}
Event: 96.670 GC heap after
{Heap after GC invocations=10 (full 0):
 garbage-first heap   total 262144K, used 27567K [0x00000000e0000000, 0x0000000100000000)
  region size 1024K, 2 young (2048K), 2 survivors (2048K)
 Metaspace       used 27520K, committed 28672K, reserved 393216K
  class space    used 4190K, committed 4736K, reserved 327680K
}
Event: 131.201 GC heap before
{Heap before GC invocations=10 (full 0):
 garbage-first heap   total 262144K, used 47023K [0x00000000e0000000, 0x0000000100000000)
  region size 1024K, 21 young (21504K), 2 survivors (2048K)
 Metaspace       used 29900K, committed 31040K, reserved 393216K
  class space    used 4576K, committed 5120K, reserved 327680K
}
Event: 132.242 GC heap after
{Heap after GC invocations=11 (full 0):
 garbage-first heap   total 262144K, used 28252K [0x00000000e0000000, 0x0000000100000000)
  region size 1024K, 2 young (2048K), 2 survivors (2048K)
 Metaspace       used 29900K, committed 31040K, reserved 393216K
  class space    used 4576K, committed 5120K, reserved 327680K
}
Event: 160.691 GC heap before
{Heap before GC invocations=11 (full 0):
 garbage-first heap   total 262144K, used 37468K [0x00000000e0000000, 0x0000000100000000)
  region size 1024K, 12 young (12288K), 2 survivors (2048K)
 Metaspace       used 31256K, committed 32512K, reserved 393216K
  class space    used 4781K, committed 5376K, reserved 327680K
}
Event: 160.849 GC heap after
{Heap after GC invocations=12 (full 0):
 garbage-first heap   total 262144K, used 29183K [0x00000000e0000000, 0x0000000100000000)
  region size 1024K, 2 young (2048K), 2 survivors (2048K)
 Metaspace       used 31256K, committed 32512K, reserved 393216K
  class space    used 4781K, committed 5376K, reserved 327680K
}
Event: 166.302 GC heap before
{Heap before GC invocations=12 (full 0):
 garbage-first heap   total 262144K, used 38399K [0x00000000e0000000, 0x0000000100000000)
  region size 1024K, 12 young (12288K), 2 survivors (2048K)
 Metaspace       used 34196K, committed 35392K, reserved 393216K
  class space    used 5062K, committed 5632K, reserved 327680K
}
Event: 166.327 GC heap after
{Heap after GC invocations=13 (full 0):
 garbage-first heap   total 262144K, used 30427K [0x00000000e0000000, 0x0000000100000000)
  region size 1024K, 2 young (2048K), 2 survivors (2048K)
 Metaspace       used 34196K, committed 35392K, reserved 393216K
  class space    used 5062K, committed 5632K, reserved 327680K
}
Event: 166.716 GC heap before
{Heap before GC invocations=13 (full 0):
 garbage-first heap   total 262144K, used 33499K [0x00000000e0000000, 0x0000000100000000)
  region size 1024K, 6 young (6144K), 2 survivors (2048K)
 Metaspace       used 34940K, committed 36160K, reserved 393216K
  class space    used 5175K, committed 5760K, reserved 327680K
}
Event: 166.724 GC heap after
{Heap after GC invocations=14 (full 0):
 garbage-first heap   total 262144K, used 31194K [0x00000000e0000000, 0x0000000100000000)
  region size 1024K, 1 young (1024K), 1 survivors (1024K)
 Metaspace       used 34940K, committed 36160K, reserved 393216K
  class space    used 5175K, committed 5760K, reserved 327680K
}

