# JRE version: OpenJDK Runtime Environment Temurin-17.0.19+10 (17.0.19+10) (build 17.0.19+10)
# Java VM: OpenJDK 64-Bit Server VM Temurin-17.0.19+10 (17.0.19+10, mixed mode, sharing, tiered, compressed oops, compressed class ptrs, g1 gc, windows-amd64)
GC Precious Log:
 CPUs: 8 total, 8 available
 Memory: 7835M
 Large Page Support: Disabled
 NUMA Support: Disabled
 Compressed Oops: Enabled (32-bit)
 Heap Region Size: 1M
 Heap Min Capacity: 8M
 Heap Initial Capacity: 124M
 Heap Max Capacity: 2G
 Pre-touch: Disabled
 Parallel Workers: 8
 Concurrent Workers: 2
 Concurrent Refinement Workers: 8
 Periodic GC: Disabled
Heap:
 garbage-first heap   total 260096K, used 144446K [0x0000000080000000, 0x0000000100000000)
  region size 1024K, 79 young (80896K), 2 survivors (2048K)
 Metaspace       used 74977K, committed 75904K, reserved 491520K
  class space    used 10482K, committed 10944K, reserved 425984K
GC Heap History (20 events):
Event: 407.913 GC heap before
{Heap before GC invocations=35 (full 0):
 garbage-first heap   total 198656K, used 79964K [0x0000000080000000, 0x0000000100000000)
  region size 1024K, 26 young (26624K), 1 survivors (1024K)
 Metaspace       used 58902K, committed 59648K, reserved 491520K
  class space    used 8232K, committed 8576K, reserved 425984K
}
Event: 407.916 GC heap after
{Heap after GC invocations=36 (full 0):
 garbage-first heap   total 198656K, used 55410K [0x0000000080000000, 0x0000000100000000)
  region size 1024K, 2 young (2048K), 2 survivors (2048K)
 Metaspace       used 58902K, committed 59648K, reserved 491520K
  class space    used 8232K, committed 8576K, reserved 425984K
}
Event: 408.311 GC heap before
{Heap before GC invocations=36 (full 0):
 garbage-first heap   total 198656K, used 62578K [0x0000000080000000, 0x0000000100000000)
  region size 1024K, 9 young (9216K), 2 survivors (2048K)
 Metaspace       used 59337K, committed 60096K, reserved 491520K
  class space    used 8290K, committed 8640K, reserved 425984K
}
Event: 408.327 GC heap after
{Heap after GC invocations=37 (full 0):
 garbage-first heap   total 198656K, used 55733K [0x0000000080000000, 0x0000000100000000)
  region size 1024K, 1 young (1024K), 1 survivors (1024K)
 Metaspace       used 59337K, committed 60096K, reserved 491520K
  class space    used 8290K, committed 8640K, reserved 425984K
}
Event: 413.144 GC heap before
{Heap before GC invocations=37 (full 0):
 garbage-first heap   total 198656K, used 112053K [0x0000000080000000, 0x0000000100000000)
  region size 1024K, 56 young (57344K), 1 survivors (1024K)
 Metaspace       used 63761K, committed 64576K, reserved 491520K
  class space    used 8951K, committed 9344K, reserved 425984K
}
Event: 413.156 GC heap after
{Heap after GC invocations=38 (full 0):
 garbage-first heap   total 198656K, used 57527K [0x0000000080000000, 0x0000000100000000)
  region size 1024K, 3 young (3072K), 3 survivors (3072K)
 Metaspace       used 63761K, committed 64576K, reserved 491520K
  class space    used 8951K, committed 9344K, reserved 425984K
}
Event: 440.956 GC heap before
{Heap before GC invocations=39 (full 0):
 garbage-first heap   total 198656K, used 135351K [0x0000000080000000, 0x0000000100000000)
  region size 1024K, 79 young (80896K), 3 survivors (3072K)
 Metaspace       used 66851K, committed 67712K, reserved 491520K
  class space    used 9398K, committed 9792K, reserved 425984K
}
Event: 441.109 GC heap after
{Heap after GC invocations=40 (full 0):
 garbage-first heap   total 198656K, used 60905K [0x0000000080000000, 0x0000000100000000)
  region size 1024K, 6 young (6144K), 6 survivors (6144K)
 Metaspace       used 66851K, committed 67712K, reserved 491520K
  class space    used 9398K, committed 9792K, reserved 425984K
}
Event: 447.963 GC heap before
{Heap before GC invocations=40 (full 0):
 garbage-first heap   total 198656K, used 63977K [0x0000000080000000, 0x0000000100000000)
  region size 1024K, 9 young (9216K), 6 survivors (6144K)
 Metaspace       used 66935K, committed 67776K, reserved 491520K
  class space    used 9411K, committed 9792K, reserved 425984K
}
Event: 448.360 GC heap after
{Heap after GC invocations=41 (full 0):
 garbage-first heap   total 198656K, used 60218K [0x0000000080000000, 0x0000000100000000)
  region size 1024K, 1 young (1024K), 1 survivors (1024K)
 Metaspace       used 66935K, committed 67776K, reserved 491520K
  class space    used 9411K, committed 9792K, reserved 425984K
}
Event: 497.179 GC heap before
{Heap before GC invocations=41 (full 0):
 garbage-first heap   total 198656K, used 91962K [0x0000000080000000, 0x0000000100000000)
  region size 1024K, 32 young (32768K), 1 survivors (1024K)
 Metaspace       used 67155K, committed 68032K, reserved 491520K
  class space    used 9429K, committed 9856K, reserved 425984K
}
Event: 497.227 GC heap after
{Heap after GC invocations=42 (full 0):
 garbage-first heap   total 198656K, used 60712K [0x0000000080000000, 0x0000000100000000)
  region size 1024K, 2 young (2048K), 2 survivors (2048K)
 Metaspace       used 67155K, committed 68032K, reserved 491520K
  class space    used 9429K, committed 9856K, reserved 425984K
}
Event: 510.864 GC heap before
{Heap before GC invocations=43 (full 0):
 garbage-first heap   total 198656K, used 98600K [0x0000000080000000, 0x0000000100000000)
  region size 1024K, 40 young (40960K), 2 survivors (2048K)
 Metaspace       used 69479K, committed 70400K, reserved 491520K
  class space    used 9729K, committed 10176K, reserved 425984K
}
Event: 510.905 GC heap after
{Heap after GC invocations=44 (full 0):
 garbage-first heap   total 198656K, used 62222K [0x0000000080000000, 0x0000000100000000)
  region size 1024K, 3 young (3072K), 3 survivors (3072K)
 Metaspace       used 69479K, committed 70400K, reserved 491520K
  class space    used 9729K, committed 10176K, reserved 425984K
}
Event: 549.060 GC heap before
{Heap before GC invocations=44 (full 0):
 garbage-first heap   total 198656K, used 113422K [0x0000000080000000, 0x0000000100000000)
  region size 1024K, 53 young (54272K), 3 survivors (3072K)
 Metaspace       used 72480K, committed 73344K, reserved 491520K
  class space    used 10141K, committed 10560K, reserved 425984K
}
Event: 550.135 GC heap after
{Heap after GC invocations=45 (full 0):
 garbage-first heap   total 198656K, used 66354K [0x0000000080000000, 0x0000000100000000)
  region size 1024K, 7 young (7168K), 7 survivors (7168K)
 Metaspace       used 72480K, committed 73344K, reserved 491520K
  class space    used 10141K, committed 10560K, reserved 425984K
}
Event: 553.021 GC heap before
{Heap before GC invocations=45 (full 0):
 garbage-first heap   total 198656K, used 68402K [0x0000000080000000, 0x0000000100000000)
  region size 1024K, 9 young (9216K), 7 survivors (7168K)
 Metaspace       used 72480K, committed 73344K, reserved 491520K
  class space    used 10141K, committed 10560K, reserved 425984K
}
Event: 554.079 GC heap after
{Heap after GC invocations=46 (full 0):
 garbage-first heap   total 198656K, used 66965K [0x0000000080000000, 0x0000000100000000)
  region size 1024K, 2 young (2048K), 2 survivors (2048K)
 Metaspace       used 72480K, committed 73344K, reserved 491520K
  class space    used 10141K, committed 10560K, reserved 425984K
}
Event: 580.854 GC heap before
{Heap before GC invocations=47 (full 0):
 garbage-first heap   total 198656K, used 96661K [0x0000000080000000, 0x0000000100000000)
  region size 1024K, 31 young (31744K), 2 survivors (2048K)
 Metaspace       used 73924K, committed 74752K, reserved 491520K
  class space    used 10343K, committed 10752K, reserved 425984K
}
Event: 580.886 GC heap after
{Heap after GC invocations=48 (full 0):
 garbage-first heap   total 260096K, used 66622K [0x0000000080000000, 0x0000000100000000)
  region size 1024K, 2 young (2048K), 2 survivors (2048K)
 Metaspace       used 73924K, committed 74752K, reserved 491520K
  class space    used 10343K, committed 10752K, reserved 425984K
}

