# JRE version: OpenJDK Runtime Environment Temurin-21.0.11+10 (21.0.11+10) (build 21.0.11+10-LTS)
# Java VM: OpenJDK 64-Bit Server VM Temurin-21.0.11+10 (21.0.11+10-LTS, mixed mode, sharing, tiered, compressed oops, compressed class ptrs, g1 gc, windows-amd64)
GC Precious Log:
 CardTable entry size: 512
 Card Set container configuration: InlinePtr #cards 5 size 8 Array Of Cards #cards 12 size 40 Howl #buckets 4 coarsen threshold 1843 Howl Bitmap #cards 512 size 80 coarsen threshold 460 Card regions per heap region 1 cards per card region 2048
 CPUs: 8 total, 8 available
 Memory: 7835M
 Large Page Support: Disabled
 NUMA Support: Disabled
 Compressed Oops: Enabled (32-bit)
 Heap Region Size: 1M
 Heap Min Capacity: 256M
 Heap Initial Capacity: 256M
 Heap Max Capacity: 512M
 Pre-touch: Disabled
 Parallel Workers: 8
 Concurrent Workers: 2
 Concurrent Refinement Workers: 8
 Periodic GC: Disabled
Heap:
 garbage-first heap   total 262144K, used 53228K [0x00000000e0000000, 0x0000000100000000)
  region size 1024K, 18 young (18432K), 2 survivors (2048K)
 Metaspace       used 41966K, committed 43392K, reserved 393216K
  class space    used 6021K, committed 6720K, reserved 327680K
GC Heap History (20 events):
Event: 95.899 GC heap before
{Heap before GC invocations=8 (full 0):
 garbage-first heap   total 262144K, used 35943K [0x00000000e0000000, 0x0000000100000000)
  region size 1024K, 12 young (12288K), 2 survivors (2048K)
 Metaspace       used 26214K, committed 27136K, reserved 393216K
  class space    used 3972K, committed 4416K, reserved 327680K
}
Event: 95.934 GC heap after
{Heap after GC invocations=9 (full 0):
 garbage-first heap   total 262144K, used 27342K [0x00000000e0000000, 0x0000000100000000)
  region size 1024K, 2 young (2048K), 2 survivors (2048K)
 Metaspace       used 26214K, committed 27136K, reserved 393216K
  class space    used 3972K, committed 4416K, reserved 327680K
}
Event: 100.656 GC heap before
{Heap before GC invocations=9 (full 0):
 garbage-first heap   total 262144K, used 37582K [0x00000000e0000000, 0x0000000100000000)
  region size 1024K, 12 young (12288K), 2 survivors (2048K)
 Metaspace       used 27437K, committed 28480K, reserved 393216K
  class space    used 4182K, committed 4672K, reserved 327680K
}
Event: 100.660 GC heap after
{Heap after GC invocations=10 (full 0):
 garbage-first heap   total 262144K, used 27911K [0x00000000e0000000, 0x0000000100000000)
  region size 1024K, 2 young (2048K), 2 survivors (2048K)
 Metaspace       used 27437K, committed 28480K, reserved 393216K
  class space    used 4182K, committed 4672K, reserved 327680K
}
Event: 114.476 GC heap before
{Heap before GC invocations=10 (full 0):
 garbage-first heap   total 262144K, used 41223K [0x00000000e0000000, 0x0000000100000000)
  region size 1024K, 16 young (16384K), 2 survivors (2048K)
 Metaspace       used 29542K, committed 30720K, reserved 393216K
  class space    used 4518K, committed 5120K, reserved 327680K
}
Event: 114.616 GC heap after
{Heap after GC invocations=11 (full 0):
 garbage-first heap   total 262144K, used 28477K [0x00000000e0000000, 0x0000000100000000)
  region size 1024K, 2 young (2048K), 2 survivors (2048K)
 Metaspace       used 29542K, committed 30720K, reserved 393216K
  class space    used 4518K, committed 5120K, reserved 327680K
}
Event: 141.372 GC heap before
{Heap before GC invocations=11 (full 0):
 garbage-first heap   total 262144K, used 51005K [0x00000000e0000000, 0x0000000100000000)
  region size 1024K, 24 young (24576K), 2 survivors (2048K)
 Metaspace       used 33860K, committed 35136K, reserved 393216K
  class space    used 5025K, committed 5632K, reserved 327680K
}
Event: 142.110 GC heap after
{Heap after GC invocations=12 (full 0):
 garbage-first heap   total 262144K, used 30905K [0x00000000e0000000, 0x0000000100000000)
  region size 1024K, 3 young (3072K), 3 survivors (3072K)
 Metaspace       used 33860K, committed 35136K, reserved 393216K
  class space    used 5025K, committed 5632K, reserved 327680K
}
Event: 145.744 GC heap before
{Heap before GC invocations=12 (full 0):
 garbage-first heap   total 262144K, used 36025K [0x00000000e0000000, 0x0000000100000000)
  region size 1024K, 10 young (10240K), 3 survivors (3072K)
 Metaspace       used 34947K, committed 36160K, reserved 393216K
  class space    used 5173K, committed 5760K, reserved 327680K
}
Event: 146.363 GC heap after
{Heap after GC invocations=13 (full 0):
 garbage-first heap   total 262144K, used 32005K [0x00000000e0000000, 0x0000000100000000)
  region size 1024K, 2 young (2048K), 2 survivors (2048K)
 Metaspace       used 34947K, committed 36160K, reserved 393216K
  class space    used 5173K, committed 5760K, reserved 327680K
}
Event: 149.454 GC heap before
{Heap before GC invocations=13 (full 0):
 garbage-first heap   total 262144K, used 41221K [0x00000000e0000000, 0x0000000100000000)
  region size 1024K, 12 young (12288K), 2 survivors (2048K)
 Metaspace       used 35782K, committed 36992K, reserved 393216K
  class space    used 5239K, committed 5824K, reserved 327680K
}
Event: 149.456 GC heap after
{Heap after GC invocations=14 (full 0):
 garbage-first heap   total 262144K, used 32711K [0x00000000e0000000, 0x0000000100000000)
  region size 1024K, 2 young (2048K), 2 survivors (2048K)
 Metaspace       used 35782K, committed 36992K, reserved 393216K
  class space    used 5239K, committed 5824K, reserved 327680K
}
Event: 149.566 GC heap before
{Heap before GC invocations=14 (full 0):
 garbage-first heap   total 262144K, used 42951K [0x00000000e0000000, 0x0000000100000000)
  region size 1024K, 12 young (12288K), 2 survivors (2048K)
 Metaspace       used 35788K, committed 36992K, reserved 393216K
  class space    used 5239K, committed 5824K, reserved 327680K
}
Event: 149.596 GC heap after
{Heap after GC invocations=15 (full 0):
 garbage-first heap   total 262144K, used 33490K [0x00000000e0000000, 0x0000000100000000)
  region size 1024K, 2 young (2048K), 2 survivors (2048K)
 Metaspace       used 35788K, committed 36992K, reserved 393216K
  class space    used 5239K, committed 5824K, reserved 327680K
}
Event: 157.091 GC heap before
{Heap before GC invocations=16 (full 0):
 garbage-first heap   total 262144K, used 47826K [0x00000000e0000000, 0x0000000100000000)
  region size 1024K, 12 young (12288K), 2 survivors (2048K)
 Metaspace       used 36839K, committed 38080K, reserved 393216K
  class space    used 5294K, committed 5888K, reserved 327680K
}
Event: 157.095 GC heap after
{Heap after GC invocations=17 (full 0):
 garbage-first heap   total 262144K, used 34966K [0x00000000e0000000, 0x0000000100000000)
  region size 1024K, 2 young (2048K), 2 survivors (2048K)
 Metaspace       used 36839K, committed 38080K, reserved 393216K
  class space    used 5294K, committed 5888K, reserved 327680K
}
Event: 167.965 GC heap before
{Heap before GC invocations=17 (full 0):
 garbage-first heap   total 262144K, used 45206K [0x00000000e0000000, 0x0000000100000000)
  region size 1024K, 12 young (12288K), 2 survivors (2048K)
 Metaspace       used 38128K, committed 39424K, reserved 393216K
  class space    used 5511K, committed 6144K, reserved 327680K
}
Event: 167.982 GC heap after
{Heap after GC invocations=18 (full 0):
 garbage-first heap   total 262144K, used 35811K [0x00000000e0000000, 0x0000000100000000)
  region size 1024K, 2 young (2048K), 2 survivors (2048K)
 Metaspace       used 38128K, committed 39424K, reserved 393216K
  class space    used 5511K, committed 6144K, reserved 327680K
}
Event: 169.692 GC heap before
{Heap before GC invocations=18 (full 0):
 garbage-first heap   total 262144K, used 48099K [0x00000000e0000000, 0x0000000100000000)
  region size 1024K, 14 young (14336K), 2 survivors (2048K)
 Metaspace       used 39389K, committed 40768K, reserved 393216K
  class space    used 5721K, committed 6400K, reserved 327680K
}
Event: 169.695 GC heap after
{Heap after GC invocations=19 (full 0):
 garbage-first heap   total 262144K, used 36844K [0x00000000e0000000, 0x0000000100000000)
  region size 1024K, 2 young (2048K), 2 survivors (2048K)
 Metaspace       used 39389K, committed 40768K, reserved 393216K
  class space    used 5721K, committed 6400K, reserved 327680K
}

