# JRE version: OpenJDK Runtime Environment Temurin-17.0.19+10 (17.0.19+10) (build 17.0.19+10)
# Java VM: OpenJDK 64-Bit Server VM Temurin-17.0.19+10 (17.0.19+10, mixed mode, sharing, tiered, compressed oops, compressed class ptrs, g1 gc, windows-amd64)
GC Precious Log:
 CPUs: 8 total, 8 available
 Memory: 7835M
 Large Page Support: Disabled
 NUMA Support: Disabled
 Compressed Oops: Enabled (32-bit)
 Heap Region Size: 1M
 Heap Min Capacity: 8M
 Heap Initial Capacity: 124M
 Heap Max Capacity: 2G
 Pre-touch: Disabled
 Parallel Workers: 8
 Concurrent Workers: 2
 Concurrent Refinement Workers: 8
 Periodic GC: Disabled
Heap:
 garbage-first heap   total 219136K, used 75448K [0x0000000080000000, 0x0000000100000000)
  region size 1024K, 5 young (5120K), 1 survivors (1024K)
 Metaspace       used 74926K, committed 75840K, reserved 557056K
  class space    used 10455K, committed 10880K, reserved 425984K
GC Heap History (20 events):
Event: 651.255 GC heap before
{Heap before GC invocations=42 (full 0):
 garbage-first heap   total 219136K, used 75617K [0x0000000080000000, 0x0000000100000000)
  region size 1024K, 10 young (10240K), 1 survivors (1024K)
 Metaspace       used 73310K, committed 74176K, reserved 491520K
  class space    used 10245K, committed 10688K, reserved 425984K
}
Event: 651.258 GC heap after
{Heap after GC invocations=43 (full 0):
 garbage-first heap   total 219136K, used 66397K [0x0000000080000000, 0x0000000100000000)
  region size 1024K, 1 young (1024K), 1 survivors (1024K)
 Metaspace       used 73310K, committed 74176K, reserved 491520K
  class space    used 10245K, committed 10688K, reserved 425984K
}
Event: 653.199 GC heap before
{Heap before GC invocations=43 (full 0):
 garbage-first heap   total 219136K, used 75613K [0x0000000080000000, 0x0000000100000000)
  region size 1024K, 10 young (10240K), 1 survivors (1024K)
 Metaspace       used 73916K, committed 74816K, reserved 491520K
  class space    used 10333K, committed 10752K, reserved 425984K
}
Event: 653.204 GC heap after
{Heap after GC invocations=44 (full 0):
 garbage-first heap   total 219136K, used 66901K [0x0000000080000000, 0x0000000100000000)
  region size 1024K, 2 young (2048K), 2 survivors (2048K)
 Metaspace       used 73916K, committed 74816K, reserved 491520K
  class space    used 10333K, committed 10752K, reserved 425984K
}
Event: 715.398 GC heap before
{Heap before GC invocations=44 (full 0):
 garbage-first heap   total 219136K, used 75093K [0x0000000080000000, 0x0000000100000000)
  region size 1024K, 10 young (10240K), 2 survivors (2048K)
 Metaspace       used 73987K, committed 74880K, reserved 491520K
  class space    used 10336K, committed 10752K, reserved 425984K
}
Event: 716.467 GC heap after
{Heap after GC invocations=45 (full 0):
 garbage-first heap   total 219136K, used 67562K [0x0000000080000000, 0x0000000100000000)
  region size 1024K, 2 young (2048K), 2 survivors (2048K)
 Metaspace       used 73987K, committed 74880K, reserved 491520K
  class space    used 10336K, committed 10752K, reserved 425984K
}
Event: 806.697 GC heap before
{Heap before GC invocations=45 (full 0):
 garbage-first heap   total 219136K, used 74730K [0x0000000080000000, 0x0000000100000000)
  region size 1024K, 10 young (10240K), 2 survivors (2048K)
 Metaspace       used 74037K, committed 74880K, reserved 491520K
  class space    used 10336K, committed 10752K, reserved 425984K
}
Event: 811.210 GC heap after
{Heap after GC invocations=46 (full 0):
 garbage-first heap   total 219136K, used 67579K [0x0000000080000000, 0x0000000100000000)
  region size 1024K, 1 young (1024K), 1 survivors (1024K)
 Metaspace       used 74037K, committed 74880K, reserved 491520K
  class space    used 10336K, committed 10752K, reserved 425984K
}
Event: 820.696 GC heap before
{Heap before GC invocations=46 (full 0):
 garbage-first heap   total 219136K, used 75771K [0x0000000080000000, 0x0000000100000000)
  region size 1024K, 10 young (10240K), 1 survivors (1024K)
 Metaspace       used 74069K, committed 74944K, reserved 491520K
  class space    used 10336K, committed 10752K, reserved 425984K
}
Event: 820.732 GC heap after
{Heap after GC invocations=47 (full 0):
 garbage-first heap   total 219136K, used 69628K [0x0000000080000000, 0x0000000100000000)
  region size 1024K, 2 young (2048K), 2 survivors (2048K)
 Metaspace       used 74069K, committed 74944K, reserved 491520K
  class space    used 10336K, committed 10752K, reserved 425984K
}
Event: 831.395 GC heap before
{Heap before GC invocations=47 (full 0):
 garbage-first heap   total 219136K, used 76796K [0x0000000080000000, 0x0000000100000000)
  region size 1024K, 10 young (10240K), 2 survivors (2048K)
 Metaspace       used 74184K, committed 75008K, reserved 491520K
  class space    used 10338K, committed 10752K, reserved 425984K
}
Event: 831.449 GC heap after
{Heap after GC invocations=48 (full 0):
 garbage-first heap   total 219136K, used 69500K [0x0000000080000000, 0x0000000100000000)
  region size 1024K, 2 young (2048K), 2 survivors (2048K)
 Metaspace       used 74184K, committed 75008K, reserved 491520K
  class space    used 10338K, committed 10752K, reserved 425984K
}
Event: 832.215 GC heap before
{Heap before GC invocations=48 (full 0):
 garbage-first heap   total 219136K, used 77692K [0x0000000080000000, 0x0000000100000000)
  region size 1024K, 10 young (10240K), 2 survivors (2048K)
 Metaspace       used 74184K, committed 75008K, reserved 491520K
  class space    used 10338K, committed 10752K, reserved 425984K
}
Event: 832.241 GC heap after
{Heap after GC invocations=49 (full 0):
 garbage-first heap   total 219136K, used 72024K [0x0000000080000000, 0x0000000100000000)
  region size 1024K, 2 young (2048K), 2 survivors (2048K)
 Metaspace       used 74184K, committed 75008K, reserved 491520K
  class space    used 10338K, committed 10752K, reserved 425984K
}
Event: 836.658 GC heap before
{Heap before GC invocations=49 (full 0):
 garbage-first heap   total 219136K, used 80216K [0x0000000080000000, 0x0000000100000000)
  region size 1024K, 10 young (10240K), 2 survivors (2048K)
 Metaspace       used 74227K, committed 75072K, reserved 491520K
  class space    used 10346K, committed 10752K, reserved 425984K
}
Event: 836.672 GC heap after
{Heap after GC invocations=50 (full 0):
 garbage-first heap   total 219136K, used 71390K [0x0000000080000000, 0x0000000100000000)
  region size 1024K, 1 young (1024K), 1 survivors (1024K)
 Metaspace       used 74227K, committed 75072K, reserved 491520K
  class space    used 10346K, committed 10752K, reserved 425984K
}
Event: 851.187 GC heap before
{Heap before GC invocations=50 (full 0):
 garbage-first heap   total 219136K, used 80606K [0x0000000080000000, 0x0000000100000000)
  region size 1024K, 10 young (10240K), 1 survivors (1024K)
 Metaspace       used 74323K, committed 75136K, reserved 491520K
  class space    used 10353K, committed 10752K, reserved 425984K
}
Event: 851.955 GC heap after
{Heap after GC invocations=51 (full 0):
 garbage-first heap   total 219136K, used 72303K [0x0000000080000000, 0x0000000100000000)
  region size 1024K, 2 young (2048K), 2 survivors (2048K)
 Metaspace       used 74323K, committed 75136K, reserved 491520K
  class space    used 10353K, committed 10752K, reserved 425984K
}
Event: 871.146 GC heap before
{Heap before GC invocations=51 (full 0):
 garbage-first heap   total 219136K, used 80495K [0x0000000080000000, 0x0000000100000000)
  region size 1024K, 10 young (10240K), 2 survivors (2048K)
 Metaspace       used 74730K, committed 75712K, reserved 491520K
  class space    used 10424K, committed 10880K, reserved 425984K
}
Event: 871.161 GC heap after
{Heap after GC invocations=52 (full 0):
 garbage-first heap   total 219136K, used 72376K [0x0000000080000000, 0x0000000100000000)
  region size 1024K, 1 young (1024K), 1 survivors (1024K)
 Metaspace       used 74730K, committed 75712K, reserved 491520K
  class space    used 10424K, committed 10880K, reserved 425984K
}

