# JRE version: OpenJDK Runtime Environment Temurin-17.0.19+10 (17.0.19+10) (build 17.0.19+10)
# Java VM: OpenJDK 64-Bit Server VM Temurin-17.0.19+10 (17.0.19+10, mixed mode, sharing, tiered, compressed oops, compressed class ptrs, g1 gc, windows-amd64)
GC Precious Log:
 CPUs: 8 total, 8 available
 Memory: 7835M
 Large Page Support: Disabled
 NUMA Support: Disabled
 Compressed Oops: Enabled (32-bit)
 Heap Region Size: 1M
 Heap Min Capacity: 8M
 Heap Initial Capacity: 124M
 Heap Max Capacity: 2G
 Pre-touch: Disabled
 Parallel Workers: 8
 Concurrent Workers: 2
 Concurrent Refinement Workers: 8
 Periodic GC: Disabled
Heap:
 garbage-first heap   total 201728K, used 66821K [0x0000000080000000, 0x0000000100000000)
  region size 1024K, 4 young (4096K), 2 survivors (2048K)
 Metaspace       used 72463K, committed 73344K, reserved 491520K
  class space    used 10137K, committed 10560K, reserved 425984K
GC Heap History (20 events):
Event: 907.023 GC heap before
{Heap before GC invocations=28 (full 0):
 garbage-first heap   total 109568K, used 91352K [0x0000000080000000, 0x0000000100000000)
  region size 1024K, 34 young (34816K), 1 survivors (1024K)
 Metaspace       used 66865K, committed 67712K, reserved 491520K
  class space    used 9396K, committed 9792K, reserved 425984K
}
Event: 908.056 GC heap after
{Heap after GC invocations=29 (full 0):
 garbage-first heap   total 210944K, used 58654K [0x0000000080000000, 0x0000000100000000)
  region size 1024K, 2 young (2048K), 2 survivors (2048K)
 Metaspace       used 66865K, committed 67712K, reserved 491520K
  class space    used 9396K, committed 9792K, reserved 425984K
}
Event: 911.292 GC heap before
{Heap before GC invocations=30 (full 0):
 garbage-first heap   total 201728K, used 65822K [0x0000000080000000, 0x0000000100000000)
  region size 1024K, 9 young (9216K), 2 survivors (2048K)
 Metaspace       used 66973K, committed 67840K, reserved 491520K
  class space    used 9397K, committed 9792K, reserved 425984K
}
Event: 911.301 GC heap after
{Heap after GC invocations=31 (full 0):
 garbage-first heap   total 201728K, used 59305K [0x0000000080000000, 0x0000000100000000)
  region size 1024K, 1 young (1024K), 1 survivors (1024K)
 Metaspace       used 66973K, committed 67840K, reserved 491520K
  class space    used 9397K, committed 9792K, reserved 425984K
}
Event: 925.625 GC heap before
{Heap before GC invocations=31 (full 0):
 garbage-first heap   total 201728K, used 67497K [0x0000000080000000, 0x0000000100000000)
  region size 1024K, 9 young (9216K), 1 survivors (1024K)
 Metaspace       used 67123K, committed 67904K, reserved 491520K
  class space    used 9414K, committed 9792K, reserved 425984K
}
Event: 925.835 GC heap after
{Heap after GC invocations=32 (full 0):
 garbage-first heap   total 201728K, used 60118K [0x0000000080000000, 0x0000000100000000)
  region size 1024K, 2 young (2048K), 2 survivors (2048K)
 Metaspace       used 67123K, committed 67904K, reserved 491520K
  class space    used 9414K, committed 9792K, reserved 425984K
}
Event: 929.202 GC heap before
{Heap before GC invocations=32 (full 0):
 garbage-first heap   total 201728K, used 67286K [0x0000000080000000, 0x0000000100000000)
  region size 1024K, 9 young (9216K), 2 survivors (2048K)
 Metaspace       used 67128K, committed 67904K, reserved 491520K
  class space    used 9414K, committed 9792K, reserved 425984K
}
Event: 929.408 GC heap after
{Heap after GC invocations=33 (full 0):
 garbage-first heap   total 201728K, used 62006K [0x0000000080000000, 0x0000000100000000)
  region size 1024K, 2 young (2048K), 2 survivors (2048K)
 Metaspace       used 67128K, committed 67904K, reserved 491520K
  class space    used 9414K, committed 9792K, reserved 425984K
}
Event: 931.910 GC heap before
{Heap before GC invocations=33 (full 0):
 garbage-first heap   total 201728K, used 69174K [0x0000000080000000, 0x0000000100000000)
  region size 1024K, 9 young (9216K), 2 survivors (2048K)
 Metaspace       used 67181K, committed 68032K, reserved 491520K
  class space    used 9422K, committed 9856K, reserved 425984K
}
Event: 931.924 GC heap after
{Heap after GC invocations=34 (full 0):
 garbage-first heap   total 201728K, used 62639K [0x0000000080000000, 0x0000000100000000)
  region size 1024K, 2 young (2048K), 2 survivors (2048K)
 Metaspace       used 67181K, committed 68032K, reserved 491520K
  class space    used 9422K, committed 9856K, reserved 425984K
}
Event: 939.084 GC heap before
{Heap before GC invocations=34 (full 0):
 garbage-first heap   total 201728K, used 68783K [0x0000000080000000, 0x0000000100000000)
  region size 1024K, 9 young (9216K), 2 survivors (2048K)
 Metaspace       used 67449K, committed 68288K, reserved 491520K
  class space    used 9448K, committed 9856K, reserved 425984K
}
Event: 939.124 GC heap after
{Heap after GC invocations=35 (full 0):
 garbage-first heap   total 201728K, used 63542K [0x0000000080000000, 0x0000000100000000)
  region size 1024K, 1 young (1024K), 1 survivors (1024K)
 Metaspace       used 67449K, committed 68288K, reserved 491520K
  class space    used 9448K, committed 9856K, reserved 425984K
}
Event: 957.425 GC heap before
{Heap before GC invocations=35 (full 0):
 garbage-first heap   total 201728K, used 71734K [0x0000000080000000, 0x0000000100000000)
  region size 1024K, 9 young (9216K), 1 survivors (1024K)
 Metaspace       used 67591K, committed 68480K, reserved 491520K
  class space    used 9456K, committed 9856K, reserved 425984K
}
Event: 957.436 GC heap after
{Heap after GC invocations=36 (full 0):
 garbage-first heap   total 201728K, used 64291K [0x0000000080000000, 0x0000000100000000)
  region size 1024K, 2 young (2048K), 2 survivors (2048K)
 Metaspace       used 67591K, committed 68480K, reserved 491520K
  class space    used 9456K, committed 9856K, reserved 425984K
}
Event: 958.746 GC heap before
{Heap before GC invocations=36 (full 0):
 garbage-first heap   total 201728K, used 70435K [0x0000000080000000, 0x0000000100000000)
  region size 1024K, 9 young (9216K), 2 survivors (2048K)
 Metaspace       used 68162K, committed 69120K, reserved 491520K
  class space    used 9541K, committed 9984K, reserved 425984K
}
Event: 958.755 GC heap after
{Heap after GC invocations=37 (full 0):
 garbage-first heap   total 201728K, used 64399K [0x0000000080000000, 0x0000000100000000)
  region size 1024K, 1 young (1024K), 1 survivors (1024K)
 Metaspace       used 68162K, committed 69120K, reserved 491520K
  class space    used 9541K, committed 9984K, reserved 425984K
}
Event: 961.041 GC heap before
{Heap before GC invocations=37 (full 0):
 garbage-first heap   total 201728K, used 82831K [0x0000000080000000, 0x0000000100000000)
  region size 1024K, 19 young (19456K), 1 survivors (1024K)
 Metaspace       used 69719K, committed 70656K, reserved 491520K
  class space    used 9748K, committed 10176K, reserved 425984K
}
Event: 961.043 GC heap after
{Heap after GC invocations=38 (full 0):
 garbage-first heap   total 201728K, used 64801K [0x0000000080000000, 0x0000000100000000)
  region size 1024K, 1 young (1024K), 1 survivors (1024K)
 Metaspace       used 69719K, committed 70656K, reserved 491520K
  class space    used 9748K, committed 10176K, reserved 425984K
}
Event: 986.850 GC heap before
{Heap before GC invocations=38 (full 0):
 garbage-first heap   total 201728K, used 98593K [0x0000000080000000, 0x0000000100000000)
  region size 1024K, 34 young (34816K), 1 survivors (1024K)
 Metaspace       used 72393K, committed 73280K, reserved 491520K
  class space    used 10129K, committed 10560K, reserved 425984K
}
Event: 986.868 GC heap after
{Heap after GC invocations=39 (full 0):
 garbage-first heap   total 201728K, used 65797K [0x0000000080000000, 0x0000000100000000)
  region size 1024K, 2 young (2048K), 2 survivors (2048K)
 Metaspace       used 72393K, committed 73280K, reserved 491520K
  class space    used 10129K, committed 10560K, reserved 425984K
}

